{"name":"systemlogs","hostname":"CSCINDAH771391","pid":12820,"level":30,"userId":"a20474567892345678900021","userEmail":"admin@appxl.com","msg":"User Data Updated","time":"2016-10-28T06:59:46.042Z","src":{"file":"D:\\csccareerbuilder\\services\\users.js","line":121},"v":0}
{"name":"systemlogs","hostname":"CSCINDAH771391","pid":21072,"level":30,"userId":"a20474567892345678900021","userEmail":"admin@appxl.com","msg":"User Data Updated","time":"2016-10-28T09:18:18.262Z","src":{"file":"D:\\csccareerbuilder\\services\\users.js","line":121},"v":0}
{"name":"systemlogs","hostname":"CSCINDAH771391","pid":14144,"level":30,"userId":"a20474567892345678900021","userEmail":"admin@appxl.com","msg":"User Data Updated","time":"2016-10-28T09:21:57.820Z","src":{"file":"D:\\csccareerbuilder\\services\\users.js","line":121},"v":0}
{"name":"systemlogs","hostname":"CSCINDAH771391","pid":14144,"level":30,"userId":"a20474567892345678900021","userEmail":"admin@appxl.com","msg":"User Data Updated","time":"2016-10-28T09:23:06.106Z","src":{"file":"D:\\csccareerbuilder\\services\\users.js","line":121},"v":0}
{"name":"systemlogs","hostname":"CSCINDAH771391","pid":14284,"level":30,"userId":"a20474567892345678900021","userEmail":"admin@appxl.com","msg":"User Data Updated","time":"2016-10-28T09:27:01.933Z","src":{"file":"D:\\csccareerbuilder\\services\\users.js","line":121},"v":0}
{"name":"systemlogs","hostname":"CSCINDAH771391","pid":20072,"level":30,"userId":"a20474567892345678900021","userEmail":"admin@appxl.com","msg":"User Data Updated","time":"2016-10-28T09:41:21.198Z","src":{"file":"D:\\csccareerbuilder\\services\\users.js","line":121},"v":0}
{"name":"systemlogs","hostname":"CSCINDAH771391","pid":14252,"level":30,"userId":"a20474567892345678900021","userEmail":"admin@appxl.com","msg":"User Data Updated","time":"2016-10-28T10:18:09.267Z","src":{"file":"D:\\csccareerbuilder\\services\\users.js","line":121},"v":0}
{"name":"systemlogs","hostname":"CSCINDAH771391","pid":22576,"level":30,"userId":"a20474567892345678900021","userEmail":"admin@appxl.com","msg":"User Data Updated","time":"2016-10-30T09:53:03.630Z","src":{"file":"D:\\csccareerbuilder\\services\\users.js","line":121},"v":0}
{"name":"systemlogs","hostname":"CSCINDAH771391","pid":16224,"level":30,"userId":"a20474567892345678900021","userEmail":"admin@appxl.com","msg":"User Data Updated","time":"2016-10-30T09:54:51.901Z","src":{"file":"D:\\csccareerbuilder\\services\\users.js","line":121},"v":0}
{"name":"systemlogs","hostname":"CSCINDAH771391","pid":21864,"level":30,"userId":"a20474567892345678900021","userEmail":"admin@appxl.com","msg":"User Data Updated","time":"2016-10-30T10:05:55.959Z","src":{"file":"D:\\csccareerbuilder\\services\\users.js","line":121},"v":0}
{"name":"systemlogs","hostname":"CSCINDAH771391","pid":20056,"level":30,"userId":"a20474567892345678900021","userEmail":"admin@appxl.com","msg":"User Data Updated","time":"2016-10-30T10:42:01.114Z","src":{"file":"D:\\csccareerbuilder\\services\\users.js","line":121},"v":0}
{"name":"systemlogs","hostname":"CSCINDAH771391","pid":20056,"level":30,"userId":"a20474567892345678900021","userEmail":"admin@appxl.com","msg":"User Data Updated","time":"2016-10-30T10:51:46.878Z","src":{"file":"D:\\csccareerbuilder\\services\\users.js","line":121},"v":0}
{"name":"systemlogs","hostname":"CSCINDAH771391","pid":23192,"level":30,"userId":"a20474567892345678900021","userEmail":"admin@appxl.com","msg":"User Data Updated","time":"2016-10-30T10:56:19.520Z","src":{"file":"D:\\csccareerbuilder\\services\\users.js","line":121},"v":0}
{"name":"systemlogs","hostname":"CSCINDAH771391","pid":9188,"level":30,"userId":"a20474567892345678900021","userEmail":"admin@appxl.com","msg":"User Data Updated","time":"2016-10-31T05:10:54.633Z","src":{"file":"D:\\csccareerbuilder\\services\\users.js","line":121},"v":0}
{"name":"systemlogs","hostname":"CSCINDAH771391","pid":10080,"level":30,"userId":"a20474567892345678900021","userEmail":"admin@appxl.com","msg":"User Data Updated","time":"2016-10-31T05:12:52.072Z","src":{"file":"D:\\csccareerbuilder\\services\\users.js","line":121},"v":0}
{"name":"systemlogs","hostname":"CSCINDAH771391","pid":10932,"level":30,"userId":"a20474567892345678900021","userEmail":"admin@appxl.com","msg":"User Data Updated","time":"2016-10-31T05:28:23.379Z","src":{"file":"D:\\csccareerbuilder\\services\\users.js","line":121},"v":0}
{"name":"systemlogs","hostname":"CSCINDAH771391","pid":9372,"level":30,"userId":"a20474567892345678900021","userEmail":"admin@appxl.com","msg":"User Data Updated","time":"2016-10-31T05:35:46.536Z","src":{"file":"D:\\csccareerbuilder\\services\\users.js","line":121},"v":0}
{"name":"systemlogs","hostname":"CSCINDAH771391","pid":7452,"level":30,"userId":"a20474567892345678900021","userEmail":"admin@appxl.com","msg":"User Data Updated","time":"2016-10-31T06:21:27.701Z","src":{"file":"D:\\csccareerbuilder\\services\\users.js","line":121},"v":0}
{"name":"systemlogs","hostname":"CSCINDAH771391","pid":7452,"level":30,"userId":"a20474567892345678900021","userEmail":"admin@appxl.com","msg":"User Data Updated","time":"2016-10-31T06:27:12.442Z","src":{"file":"D:\\csccareerbuilder\\services\\users.js","line":121},"v":0}
{"name":"systemlogs","hostname":"CSCINDAH771391","pid":408,"level":30,"userId":"a20474567892345678900021","userEmail":"admin@appxl.com","msg":"User Data Updated","time":"2016-10-31T07:06:31.623Z","src":{"file":"D:\\csccareerbuilder\\services\\users.js","line":121},"v":0}
{"name":"systemlogs","hostname":"CSCINDAH771391","pid":11108,"level":30,"userId":"a20474567892345678900021","userEmail":"admin@appxl.com","msg":"User Data Updated","time":"2016-10-31T07:10:08.616Z","src":{"file":"D:\\csccareerbuilder\\services\\users.js","line":121},"v":0}
{"name":"systemlogs","hostname":"CSCINDAH771391","pid":3128,"level":30,"userId":"a20474567892345678900021","userEmail":"admin@appxl.com","msg":"User Data Updated","time":"2016-10-31T09:57:15.555Z","src":{"file":"D:\\csccareerbuilder\\services\\users.js","line":121},"v":0}
{"name":"systemlogs","hostname":"CSCINDAH771391","pid":1092,"level":30,"userId":"a20474567892345678900021","userEmail":"admin@appxl.com","msg":"User Data Updated","time":"2016-11-01T05:34:18.172Z","src":{"file":"D:\\csccareerbuilder\\services\\users.js","line":121},"v":0}
{"name":"systemlogs","hostname":"CSCINDAH771391","pid":1092,"level":30,"userId":"a20474567892345678900021","userEmail":"admin@appxl.com","msg":"User Data Updated","time":"2016-11-01T05:34:53.499Z","src":{"file":"D:\\csccareerbuilder\\services\\users.js","line":121},"v":0}
{"name":"systemlogs","hostname":"CSCINDAH771391","pid":9064,"level":30,"userId":"a20474567892345678900021","userEmail":"admin@appxl.com","msg":"User Data Updated","time":"2016-11-01T05:43:26.794Z","src":{"file":"D:\\csccareerbuilder\\services\\users.js","line":121},"v":0}
{"name":"systemlogs","hostname":"CSCINDAH771391","pid":7780,"level":30,"userId":"a20474567892345678900021","userEmail":"admin@appxl.com","msg":"User Data Updated","time":"2016-11-01T05:49:58.720Z","src":{"file":"D:\\csccareerbuilder\\services\\users.js","line":121},"v":0}
{"name":"systemlogs","hostname":"CSCINDAH771391","pid":11932,"level":30,"userId":"a20474567892345678900021","userEmail":"admin@appxl.com","msg":"User Data Updated","time":"2016-11-01T06:44:22.650Z","src":{"file":"D:\\csccareerbuilder\\services\\users.js","line":121},"v":0}
{"name":"systemlogs","hostname":"CSCINDAH771391","pid":4644,"level":30,"userId":"a20474567892345678900021","userEmail":"admin@appxl.com","msg":"User Data Updated","time":"2016-11-01T09:34:49.776Z","src":{"file":"D:\\csccareerbuilder\\services\\users.js","line":121},"v":0}
{"name":"systemlogs","hostname":"CSCINDAH771391","pid":10620,"level":30,"userId":"a20474567892345678900021","userEmail":"admin@appxl.com","msg":"User Data Updated","time":"2016-11-01T09:39:43.301Z","src":{"file":"D:\\csccareerbuilder\\services\\users.js","line":121},"v":0}
{"name":"systemlogs","hostname":"CSCINDAH771391","pid":780,"level":30,"userId":"a20474567892345678900021","userEmail":"admin@appxl.com","msg":"User Data Updated","time":"2016-11-01T09:44:43.524Z","src":{"file":"D:\\csccareerbuilder\\services\\users.js","line":121},"v":0}
{"name":"systemlogs","hostname":"CSCINDAH771391","pid":7872,"level":30,"userId":"a20474567892345678900021","userEmail":"admin@appxl.com","msg":"User Data Updated","time":"2016-11-01T10:09:47.165Z","src":{"file":"D:\\csccareerbuilder\\services\\users.js","line":121},"v":0}
{"name":"systemlogs","hostname":"CSCINDAH771391","pid":5724,"level":30,"userId":"a20474567892345678900021","userEmail":"admin@appxl.com","msg":"User Data Updated","time":"2016-11-01T11:00:41.247Z","src":{"file":"D:\\csccareerbuilder\\services\\users.js","line":121},"v":0}
{"name":"systemlogs","hostname":"CSCINDAH771391","pid":4776,"level":30,"userId":"a20474567892345678900021","userEmail":"admin@appxl.com","msg":"User Data Updated","time":"2016-11-01T11:10:25.303Z","src":{"file":"D:\\csccareerbuilder\\services\\users.js","line":121},"v":0}
{"name":"systemlogs","hostname":"CSCINDAH771391","pid":1816,"level":30,"userId":"a20474567892345678900021","userEmail":"admin@appxl.com","msg":"User Data Updated","time":"2016-11-01T11:11:59.368Z","src":{"file":"D:\\csccareerbuilder\\services\\users.js","line":121},"v":0}
{"name":"systemlogs","hostname":"CSCINDAH771391","pid":1816,"level":30,"userId":"a20474567892345678900021","userEmail":"admin@appxl.com","msg":"User Data Updated","time":"2016-11-01T11:13:12.556Z","src":{"file":"D:\\csccareerbuilder\\services\\users.js","line":121},"v":0}
{"name":"systemlogs","hostname":"CSCINDAH771391","pid":1816,"level":30,"userId":"a20474567892345678900021","userEmail":"admin@appxl.com","msg":"User Data Updated","time":"2016-11-01T11:13:18.670Z","src":{"file":"D:\\csccareerbuilder\\services\\users.js","line":121},"v":0}
{"name":"systemlogs","hostname":"CSCINDAH771391","pid":1816,"level":30,"userId":"a20474567892345678900021","userEmail":"admin@appxl.com","msg":"User Data Updated","time":"2016-11-01T11:13:20.028Z","src":{"file":"D:\\csccareerbuilder\\services\\users.js","line":121},"v":0}
{"name":"systemlogs","hostname":"CSCINDAH771391","pid":1816,"level":30,"userId":"a20474567892345678900022","userEmail":"saniyan@appxl.com","msg":"User Data Updated","time":"2016-11-01T11:14:13.833Z","src":{"file":"D:\\csccareerbuilder\\services\\users.js","line":121},"v":0}
{"name":"systemlogs","hostname":"CSCINDAH771391","pid":1816,"level":30,"userId":"a20474567892345678900021","userEmail":"admin@appxl.com","msg":"User Data Updated","time":"2016-11-01T11:15:38.102Z","src":{"file":"D:\\csccareerbuilder\\services\\users.js","line":121},"v":0}
{"name":"systemlogs","hostname":"CSCINDAH771391","pid":1816,"level":30,"userId":"a20474567892345678900021","userEmail":"admin@appxl.com","msg":"User Data Updated","time":"2016-11-01T11:16:14.861Z","src":{"file":"D:\\csccareerbuilder\\services\\users.js","line":121},"v":0}
{"name":"systemlogs","hostname":"CSCINDAH771391","pid":1816,"level":30,"userId":"a20474567892345678900022","userEmail":"saniyan@appxl.com","msg":"User Data Deleted","time":"2016-11-01T11:16:21.571Z","src":{"file":"D:\\csccareerbuilder\\services\\users.js","line":137},"v":0}
{"name":"systemlogs","hostname":"CSCINDAH771391","pid":1816,"level":30,"userId":"a20474567892345678900023","userEmail":"neil@appxl.com","msg":"User Data Deleted","time":"2016-11-01T11:16:25.088Z","src":{"file":"D:\\csccareerbuilder\\services\\users.js","line":137},"v":0}
{"name":"systemlogs","hostname":"CSCINDAH771391","pid":1816,"level":30,"userId":"581879994f55d01807f435bb","userEmail":"saniyan@csc.com","msg":"User Data Updated","time":"2016-11-01T11:17:01.835Z","src":{"file":"D:\\csccareerbuilder\\services\\users.js","line":121},"v":0}
{"name":"systemlogs","hostname":"CSCINDAH771391","pid":1816,"level":30,"userId":"a20474567892345678900021","userEmail":"admin@appxl.com","msg":"User Data Updated","time":"2016-11-01T11:18:07.312Z","src":{"file":"D:\\csccareerbuilder\\services\\users.js","line":121},"v":0}
{"name":"systemlogs","hostname":"CSCINDAH771391","pid":1816,"level":30,"userId":"581879994f55d01807f435bb","userEmail":"saniyan@csc.com","msg":"User Data Updated","time":"2016-11-01T11:18:25.524Z","src":{"file":"D:\\csccareerbuilder\\services\\users.js","line":121},"v":0}
{"name":"systemlogs","hostname":"CSCINDAH771391","pid":1816,"level":30,"userId":"a20474567892345678900021","userEmail":"admin@appxl.com","msg":"User Data Updated","time":"2016-11-01T11:26:57.678Z","src":{"file":"D:\\csccareerbuilder\\services\\users.js","line":121},"v":0}
{"name":"systemlogs","hostname":"CSCINDAH771391","pid":1816,"level":30,"userId":"a20474567892345678900021","userEmail":"admin@appxl.com","msg":"User Data Updated","time":"2016-11-01T11:27:10.891Z","src":{"file":"D:\\csccareerbuilder\\services\\users.js","line":121},"v":0}
{"name":"systemlogs","hostname":"CSCINDAH771391","pid":1816,"level":30,"userId":"a20474567892345678900021","userEmail":"admin@appxl.com","msg":"User Data Updated","time":"2016-11-01T11:27:16.270Z","src":{"file":"D:\\csccareerbuilder\\services\\users.js","line":121},"v":0}
{"name":"systemlogs","hostname":"CSCINDAH771391","pid":1816,"level":30,"userId":"a20474567892345678900021","userEmail":"admin@appxl.com","msg":"User Data Updated","time":"2016-11-01T11:27:21.013Z","src":{"file":"D:\\csccareerbuilder\\services\\users.js","line":121},"v":0}
{"name":"systemlogs","hostname":"CSCINDAH771391","pid":1816,"level":30,"userId":"a20474567892345678900021","userEmail":"admin@appxl.com","msg":"User Data Updated","time":"2016-11-01T11:27:25.237Z","src":{"file":"D:\\csccareerbuilder\\services\\users.js","line":121},"v":0}
{"name":"systemlogs","hostname":"CSCINDAH771391","pid":1816,"level":30,"userId":"a20474567892345678900021","userEmail":"admin@appxl.com","msg":"User Data Updated","time":"2016-11-01T11:27:31.346Z","src":{"file":"D:\\csccareerbuilder\\services\\users.js","line":121},"v":0}
{"name":"systemlogs","hostname":"CSCINDAH771391","pid":1816,"level":30,"userId":"a20474567892345678900021","userEmail":"admin@appxl.com","msg":"User Data Updated","time":"2016-11-01T11:27:36.187Z","src":{"file":"D:\\csccareerbuilder\\services\\users.js","line":121},"v":0}
{"name":"systemlogs","hostname":"CSCINDAH771391","pid":1816,"level":30,"userId":"a20474567892345678900021","userEmail":"admin@appxl.com","msg":"User Data Updated","time":"2016-11-01T11:27:40.214Z","src":{"file":"D:\\csccareerbuilder\\services\\users.js","line":121},"v":0}
{"name":"systemlogs","hostname":"CSCINDAH771391","pid":1816,"level":30,"userId":"a20474567892345678900021","userEmail":"admin@appxl.com","msg":"User Data Updated","time":"2016-11-01T11:27:48.271Z","src":{"file":"D:\\csccareerbuilder\\services\\users.js","line":121},"v":0}
{"name":"systemlogs","hostname":"CSCINDAH771391","pid":1816,"level":30,"userId":"a20474567892345678900021","userEmail":"admin@appxl.com","msg":"User Data Updated","time":"2016-11-01T11:31:29.714Z","src":{"file":"D:\\csccareerbuilder\\services\\users.js","line":121},"v":0}
{"name":"systemlogs","hostname":"CSCINDAH771391","pid":1816,"level":30,"userId":"a20474567892345678900021","userEmail":"admin@appxl.com","msg":"User Data Updated","time":"2016-11-01T11:31:33.366Z","src":{"file":"D:\\csccareerbuilder\\services\\users.js","line":121},"v":0}
{"name":"systemlogs","hostname":"CSCINDAH771391","pid":1816,"level":30,"userId":"a20474567892345678900021","userEmail":"admin@appxl.com","msg":"User Data Updated","time":"2016-11-01T11:31:36.635Z","src":{"file":"D:\\csccareerbuilder\\services\\users.js","line":121},"v":0}
{"name":"systemlogs","hostname":"CSCINDAH771391","pid":1816,"level":30,"userId":"a20474567892345678900021","userEmail":"admin@appxl.com","msg":"User Data Updated","time":"2016-11-01T11:31:39.848Z","src":{"file":"D:\\csccareerbuilder\\services\\users.js","line":121},"v":0}
{"name":"systemlogs","hostname":"CSCINDAH771391","pid":1816,"level":30,"userId":"a20474567892345678900021","userEmail":"admin@appxl.com","msg":"User Data Updated","time":"2016-11-01T11:31:43.641Z","src":{"file":"D:\\csccareerbuilder\\services\\users.js","line":121},"v":0}
{"name":"systemlogs","hostname":"CSCINDAH771391","pid":1816,"level":30,"userId":"a20474567892345678900021","userEmail":"admin@appxl.com","msg":"User Data Updated","time":"2016-11-01T11:31:47.557Z","src":{"file":"D:\\csccareerbuilder\\services\\users.js","line":121},"v":0}
{"name":"systemlogs","hostname":"CSCINDAH771391","pid":1816,"level":30,"userId":"a20474567892345678900021","userEmail":"admin@appxl.com","msg":"User Data Updated","time":"2016-11-01T11:31:57.260Z","src":{"file":"D:\\csccareerbuilder\\services\\users.js","line":121},"v":0}
{"name":"systemlogs","hostname":"CSCINDAH771391","pid":1816,"level":30,"userId":"a20474567892345678900021","userEmail":"admin@appxl.com","msg":"User Data Updated","time":"2016-11-01T11:35:33.409Z","src":{"file":"D:\\csccareerbuilder\\services\\users.js","line":121},"v":0}
{"name":"systemlogs","hostname":"CSCINDAH771391","pid":1816,"level":30,"userId":"a20474567892345678900021","userEmail":"admin@appxl.com","msg":"User Data Updated","time":"2016-11-01T11:35:36.851Z","src":{"file":"D:\\csccareerbuilder\\services\\users.js","line":121},"v":0}
{"name":"systemlogs","hostname":"CSCINDAH771391","pid":1816,"level":30,"userId":"a20474567892345678900021","userEmail":"admin@appxl.com","msg":"User Data Updated","time":"2016-11-01T11:35:40.465Z","src":{"file":"D:\\csccareerbuilder\\services\\users.js","line":121},"v":0}
{"name":"systemlogs","hostname":"CSCINDAH771391","pid":1816,"level":30,"userId":"a20474567892345678900021","userEmail":"admin@appxl.com","msg":"User Data Updated","time":"2016-11-01T11:35:44.652Z","src":{"file":"D:\\csccareerbuilder\\services\\users.js","line":121},"v":0}
{"name":"systemlogs","hostname":"CSCINDAH771391","pid":1816,"level":30,"userId":"a20474567892345678900021","userEmail":"admin@appxl.com","msg":"User Data Updated","time":"2016-11-01T11:35:47.733Z","src":{"file":"D:\\csccareerbuilder\\services\\users.js","line":121},"v":0}
{"name":"systemlogs","hostname":"CSCINDAH771391","pid":1816,"level":30,"userId":"a20474567892345678900021","userEmail":"admin@appxl.com","msg":"User Data Updated","time":"2016-11-01T11:35:51.426Z","src":{"file":"D:\\csccareerbuilder\\services\\users.js","line":121},"v":0}
{"name":"systemlogs","hostname":"CSCINDAH771391","pid":1816,"level":30,"userId":"a20474567892345678900021","userEmail":"admin@appxl.com","msg":"User Data Updated","time":"2016-11-01T11:35:56.108Z","src":{"file":"D:\\csccareerbuilder\\services\\users.js","line":121},"v":0}
{"name":"systemlogs","hostname":"CSCINDAH771391","pid":1816,"level":30,"userId":"a20474567892345678900021","userEmail":"admin@appxl.com","msg":"User Data Updated","time":"2016-11-01T11:35:59.194Z","src":{"file":"D:\\csccareerbuilder\\services\\users.js","line":121},"v":0}
{"name":"systemlogs","hostname":"CSCINDAH771391","pid":1816,"level":30,"userId":"a20474567892345678900021","userEmail":"admin@appxl.com","msg":"User Data Updated","time":"2016-11-01T11:36:02.807Z","src":{"file":"D:\\csccareerbuilder\\services\\users.js","line":121},"v":0}
{"name":"systemlogs","hostname":"CSCINDAH771391","pid":1816,"level":30,"userId":"a20474567892345678900021","userEmail":"admin@appxl.com","msg":"User Data Updated","time":"2016-11-01T11:36:06.439Z","src":{"file":"D:\\csccareerbuilder\\services\\users.js","line":121},"v":0}
{"name":"systemlogs","hostname":"CSCINDAH771391","pid":1816,"level":30,"userId":"a20474567892345678900021","userEmail":"admin@appxl.com","msg":"User Data Updated","time":"2016-11-01T11:36:10.845Z","src":{"file":"D:\\csccareerbuilder\\services\\users.js","line":121},"v":0}
{"name":"systemlogs","hostname":"CSCINDAH771391","pid":1816,"level":30,"userId":"a20474567892345678900021","userEmail":"admin@appxl.com","msg":"User Data Updated","time":"2016-11-01T11:36:53.677Z","src":{"file":"D:\\csccareerbuilder\\services\\users.js","line":121},"v":0}
{"name":"systemlogs","hostname":"CSCINDAH771391","pid":1816,"level":30,"userId":"a20474567892345678900021","userEmail":"admin@appxl.com","msg":"User Data Updated","time":"2016-11-01T11:36:57.351Z","src":{"file":"D:\\csccareerbuilder\\services\\users.js","line":121},"v":0}
{"name":"systemlogs","hostname":"CSCINDAH771391","pid":1816,"level":30,"userId":"a20474567892345678900021","userEmail":"admin@appxl.com","msg":"User Data Updated","time":"2016-11-01T11:37:00.469Z","src":{"file":"D:\\csccareerbuilder\\services\\users.js","line":121},"v":0}
{"name":"systemlogs","hostname":"CSCINDAH771391","pid":1816,"level":30,"userId":"a20474567892345678900021","userEmail":"admin@appxl.com","msg":"User Data Updated","time":"2016-11-01T11:37:03.938Z","src":{"file":"D:\\csccareerbuilder\\services\\users.js","line":121},"v":0}
{"name":"systemlogs","hostname":"CSCINDAH771391","pid":1816,"level":30,"userId":"a20474567892345678900021","userEmail":"admin@appxl.com","msg":"User Data Updated","time":"2016-11-01T11:37:07.569Z","src":{"file":"D:\\csccareerbuilder\\services\\users.js","line":121},"v":0}
{"name":"systemlogs","hostname":"CSCINDAH771391","pid":1816,"level":30,"userId":"a20474567892345678900021","userEmail":"admin@appxl.com","msg":"User Data Updated","time":"2016-11-01T11:37:10.805Z","src":{"file":"D:\\csccareerbuilder\\services\\users.js","line":121},"v":0}
{"name":"systemlogs","hostname":"CSCINDAH771391","pid":1816,"level":30,"userId":"a20474567892345678900021","userEmail":"admin@appxl.com","msg":"User Data Updated","time":"2016-11-01T11:37:28.705Z","src":{"file":"D:\\csccareerbuilder\\services\\users.js","line":121},"v":0}
{"name":"systemlogs","hostname":"CSCINDAH771391","pid":1816,"level":30,"userId":"a20474567892345678900021","userEmail":"admin@appxl.com","msg":"User Data Updated","time":"2016-11-01T11:37:31.971Z","src":{"file":"D:\\csccareerbuilder\\services\\users.js","line":121},"v":0}
{"name":"systemlogs","hostname":"CSCINDAH771391","pid":1816,"level":30,"userId":"a20474567892345678900021","userEmail":"admin@appxl.com","msg":"User Data Updated","time":"2016-11-01T11:38:00.649Z","src":{"file":"D:\\csccareerbuilder\\services\\users.js","line":121},"v":0}
{"name":"systemlogs","hostname":"CSCINDAH771391","pid":1816,"level":30,"userId":"a20474567892345678900021","userEmail":"admin@appxl.com","msg":"User Data Updated","time":"2016-11-01T11:38:20.127Z","src":{"file":"D:\\csccareerbuilder\\services\\users.js","line":121},"v":0}
{"name":"systemlogs","hostname":"CSCINDAH771391","pid":1816,"level":30,"userId":"a20474567892345678900021","userEmail":"admin@appxl.com","msg":"User Data Updated","time":"2016-11-01T11:38:24.335Z","src":{"file":"D:\\csccareerbuilder\\services\\users.js","line":121},"v":0}
{"name":"systemlogs","hostname":"CSCINDAH771391","pid":1816,"level":30,"userId":"a20474567892345678900021","userEmail":"admin@appxl.com","msg":"User Data Updated","time":"2016-11-01T11:39:22.787Z","src":{"file":"D:\\csccareerbuilder\\services\\users.js","line":121},"v":0}
{"name":"systemlogs","hostname":"CSCINDAH771391","pid":1816,"level":30,"userId":"a20474567892345678900021","userEmail":"admin@appxl.com","msg":"User Data Updated","time":"2016-11-01T11:40:21.603Z","src":{"file":"D:\\csccareerbuilder\\services\\users.js","line":121},"v":0}
{"name":"systemlogs","hostname":"CSCINDAH771391","pid":1816,"level":30,"userId":"a20474567892345678900021","userEmail":"admin@appxl.com","msg":"User Data Updated","time":"2016-11-01T11:40:22.965Z","src":{"file":"D:\\csccareerbuilder\\services\\users.js","line":121},"v":0}
{"name":"systemlogs","hostname":"CSCINDAH771391","pid":1816,"level":30,"userId":"a20474567892345678900021","userEmail":"admin@appxl.com","msg":"User Data Updated","time":"2016-11-01T11:40:23.720Z","src":{"file":"D:\\csccareerbuilder\\services\\users.js","line":121},"v":0}
{"name":"systemlogs","hostname":"CSCINDAH771391","pid":1816,"level":30,"userId":"a20474567892345678900021","userEmail":"admin@appxl.com","msg":"User Data Updated","time":"2016-11-01T11:40:28.237Z","src":{"file":"D:\\csccareerbuilder\\services\\users.js","line":121},"v":0}
{"name":"systemlogs","hostname":"CSCINDAH771391","pid":1816,"level":30,"userId":"a20474567892345678900021","userEmail":"admin@appxl.com","msg":"User Data Updated","time":"2016-11-01T11:40:31.297Z","src":{"file":"D:\\csccareerbuilder\\services\\users.js","line":121},"v":0}
{"name":"systemlogs","hostname":"CSCINDAH771391","pid":1816,"level":30,"positionId":"5812ec72bc8d7e33bb60f158","msg":"Position Data Deleted","time":"2016-11-01T11:44:51.102Z","src":{"file":"D:\\csccareerbuilder\\services\\positions.js","line":276},"v":0}
{"name":"systemlogs","hostname":"CSCINDAH771391","pid":9652,"level":30,"userId":"a20474567892345678900021","userEmail":"admin@appxl.com","msg":"User Data Updated","time":"2016-11-01T11:46:54.213Z","src":{"file":"D:\\csccareerbuilder\\services\\users.js","line":121},"v":0}
{"name":"systemlogs","hostname":"CSCINDAH771391","pid":9652,"level":30,"positionId":"5812ec72bc8d7e33bb60f159","msg":"Position Data Deleted","time":"2016-11-01T11:47:11.036Z","src":{"file":"D:\\csccareerbuilder\\services\\positions.js","line":276},"v":0}
{"name":"systemlogs","hostname":"CSCINDAH771391","pid":9652,"level":30,"positionId":"5812ec72bc8d7e33bb60f157","msg":"Position Data Deleted","time":"2016-11-01T11:47:24.243Z","src":{"file":"D:\\csccareerbuilder\\services\\positions.js","line":276},"v":0}
{"name":"systemlogs","hostname":"CSCINDAH771391","pid":9652,"level":30,"positionId":"58188118d52bbab425d568f2","msg":"Position Data Deleted","time":"2016-11-01T11:48:50.137Z","src":{"file":"D:\\csccareerbuilder\\services\\positions.js","line":276},"v":0}
{"name":"systemlogs","hostname":"CSCINDAH771391","pid":8308,"level":30,"userId":"a20474567892345678900021","userEmail":"admin@appxl.com","msg":"User Data Updated","time":"2016-11-01T11:59:30.240Z","src":{"file":"D:\\csccareerbuilder\\services\\users.js","line":121},"v":0}
{"name":"systemlogs","hostname":"CSCINDAH771391","pid":8308,"level":30,"userId":"a20474567892345678900021","userEmail":"admin@appxl.com","msg":"User Data Updated","time":"2016-11-01T12:03:43.896Z","src":{"file":"D:\\csccareerbuilder\\services\\users.js","line":121},"v":0}
{"name":"systemlogs","hostname":"CSCINDAH771391","pid":8308,"level":30,"userId":"a20474567892345678900021","userEmail":"admin@appxl.com","msg":"User Data Updated","time":"2016-11-01T12:03:47.372Z","src":{"file":"D:\\csccareerbuilder\\services\\users.js","line":121},"v":0}
